0 info it worked if it ends with ok
1 verbose cli [ 'node', '/usr/local/bin/npm', 'install', 'runjs' ]
2 info using npm@1.1.62
3 info using node@v0.8.11
4 verbose read json /Users/pgilot/work/swf/wfl/package.json
5 verbose read json /Users/pgilot/work/swf/wfl/node_modules/awssum/package.json
6 verbose read json /Users/pgilot/work/swf/wfl/node_modules/express/package.json
7 verbose read json /Users/pgilot/work/swf/wfl/node_modules/eyes/package.json
8 verbose read json /Users/pgilot/work/swf/wfl/node_modules/flatiron/package.json
9 verbose read json /Users/pgilot/work/swf/wfl/node_modules/flatiron-cli-config/package.json
10 verbose read json /Users/pgilot/work/swf/wfl/node_modules/nconf/package.json
11 verbose read json /Users/pgilot/work/swf/wfl/node_modules/winston/package.json
12 verbose from cache /Users/pgilot/work/swf/wfl/package.json
13 verbose readDependencies using package.json deps
14 verbose cache add [ 'runjs', null ]
15 silly cache add name=undefined spec="runjs" args=["runjs",null]
16 verbose parsed url { pathname: 'runjs', path: 'runjs', href: 'runjs' }
17 silly lockFile adf233b1-runjs runjs
18 verbose lock runjs /Users/pgilot/.npm/adf233b1-runjs.lock
19 silly lockFile adf233b1-runjs runjs
20 verbose addNamed [ 'runjs', '' ]
21 verbose addNamed [ null, '' ]
22 silly lockFile 478a477d-runjs runjs@
23 verbose lock runjs@ /Users/pgilot/.npm/478a477d-runjs.lock
24 silly addNameRange { name: 'runjs', range: '', hasData: false }
25 verbose url raw runjs
26 verbose url resolving [ 'https://registry.npmjs.org/', './runjs' ]
27 verbose url resolved https://registry.npmjs.org/runjs
28 info trying registry request attempt 1 at 16:50:56
29 http GET https://registry.npmjs.org/runjs
30 http 404 https://registry.npmjs.org/runjs
31 silly registry.get cb [ 404,
31 silly registry.get   { server: 'CouchDB/1.2.0 (Erlang OTP/R15B)',
31 silly registry.get     date: 'Thu, 18 Oct 2012 14:50:58 GMT',
31 silly registry.get     'content-type': 'application/json',
31 silly registry.get     'content-length': '52',
31 silly registry.get     'cache-control': 'must-revalidate' } ]
32 silly lockFile 478a477d-runjs runjs@
33 error 404 'runjs' is not in the npm registry.
33 error 404 You should bug the author to publish it
33 error 404
33 error 404 Note that you can also install from a
33 error 404 tarball, folder, or http url, or git url.
34 error System Darwin 12.2.0
35 error command "node" "/usr/local/bin/npm" "install" "runjs"
36 error cwd /Users/pgilot/work/swf/wfl/samples/transcoding
37 error node -v v0.8.11
38 error npm -v 1.1.62
39 error code E404
40 verbose exit [ 1, true ]
